<?xml version="1.0" encoding="UTF-8"?>
<!-- Generated by org.testng.reporters.JUnitXMLReporter -->
<testsuite ignored="0" hostname="DESKTOP-9E3NILO" failures="1" tests="2" name="Way2Automation Test Cases" time="53.265" errors="0" timestamp="2023-12-20T18:51:54 SAST">
  <testcase classname="way2automation.CheckCustomerValueIsCaptured" name="CheckCustomerValueIsCaptured" time="21.892">
    <failure type="org.apache.poi.EmptyFileException" message="The supplied file was empty (zero bytes long)">
      <![CDATA[org.apache.poi.EmptyFileException: The supplied file was empty (zero bytes long)
at org.apache.poi.util.IOUtils.peekFirstNBytes(IOUtils.java:83)
at org.apache.poi.util.IOUtils.peekFirst8Bytes(IOUtils.java:66)
at org.apache.poi.poifs.filesystem.FileMagic.valueOf(FileMagic.java:171)
at org.apache.poi.openxml4j.opc.internal.ZipHelper.verifyZipHeader(ZipHelper.java:143)
at org.apache.poi.openxml4j.opc.internal.ZipHelper.openZipStream(ZipHelper.java:175)
at org.apache.poi.openxml4j.opc.ZipPackage.<init>(ZipPackage.java:104)
at org.apache.poi.openxml4j.opc.OPCPackage.open(OPCPackage.java:301)
at org.apache.poi.ooxml.util.PackageHelper.open(PackageHelper.java:37)
at org.apache.poi.xssf.usermodel.XSSFWorkbook.<init>(XSSFWorkbook.java:303)
at com.way2automation.qa.utilities.TestUtil.SelectDataFromExcel(TestUtil.java:44)
at com.way2automation.qa.pages.Page.RetrieveAndSendKeys(Page.java:82)
at com.way2automation.qa.pages.WebTablesPage.CaptureUserDetails(WebTablesPage.java:104)
at way2automation.CheckCustomerValueIsCaptured.CheckCustomerValueIsCaptured(CheckCustomerValueIsCaptured.java:36)
at java.base/java.util.concurrent.ThreadPoolExecutor.runWorker(ThreadPoolExecutor.java:1136)
at java.base/java.util.concurrent.ThreadPoolExecutor$Worker.run(ThreadPoolExecutor.java:635)
at java.base/java.lang.Thread.run(Thread.java:840)
... Removed 12 stack frames]]>
    </failure>
  </testcase> <!-- CheckCustomerValueIsCaptured -->
  <testcase classname="way2automation.AddUser" name="AddMultipleUsers" time="30.095"/>
</testsuite> <!-- Way2Automation Test Cases -->
