<?xml version="1.0" encoding="UTF-8"?>
<testng-results ignored="0" total="2" passed="1" failed="1" skipped="0">
  <reporter-output>
  </reporter-output>
  <suite started-at="2023-12-20T18:51:00 SAST" name="way2Automation" finished-at="2023-12-20T18:51:54 SAST" duration-ms="53265">
    <groups>
    </groups>
    <test started-at="2023-12-20T18:51:00 SAST" name="Way2Automation Test Cases" finished-at="2023-12-20T18:51:54 SAST" duration-ms="53265">
      <class name="way2automation.CheckCustomerValueIsCaptured">
        <test-method is-config="true" signature="setUp(java.lang.String)[pri:0, instance:way2automation.CheckCustomerValueIsCaptured@7ce3cb8e]" started-at="2023-12-20T18:51:00 SAST" name="setUp" finished-at="2023-12-20T18:51:23 SAST" duration-ms="22448" status="PASS">
          <params>
            <param index="0">
              <value is-null="true"/>
            </param>
          </params>
          <reporter-output>
          </reporter-output>
        </test-method> <!-- setUp -->
        <test-method signature="CheckCustomerValueIsCaptured()[pri:0, instance:way2automation.CheckCustomerValueIsCaptured@7ce3cb8e]" started-at="2023-12-20T18:51:23 SAST" name="CheckCustomerValueIsCaptured" finished-at="2023-12-20T18:51:45 SAST" duration-ms="21892" status="FAIL">
          <exception class="org.apache.poi.EmptyFileException">
            <message>
              <![CDATA[The supplied file was empty (zero bytes long)]]>
            </message>
            <full-stacktrace>
              <![CDATA[org.apache.poi.EmptyFileException: The supplied file was empty (zero bytes long)
at org.apache.poi.util.IOUtils.peekFirstNBytes(IOUtils.java:83)
at org.apache.poi.util.IOUtils.peekFirst8Bytes(IOUtils.java:66)
at org.apache.poi.poifs.filesystem.FileMagic.valueOf(FileMagic.java:171)
at org.apache.poi.openxml4j.opc.internal.ZipHelper.verifyZipHeader(ZipHelper.java:143)
at org.apache.poi.openxml4j.opc.internal.ZipHelper.openZipStream(ZipHelper.java:175)
at org.apache.poi.openxml4j.opc.ZipPackage.<init>(ZipPackage.java:104)
at org.apache.poi.openxml4j.opc.OPCPackage.open(OPCPackage.java:301)
at org.apache.poi.ooxml.util.PackageHelper.open(PackageHelper.java:37)
at org.apache.poi.xssf.usermodel.XSSFWorkbook.<init>(XSSFWorkbook.java:303)
at com.way2automation.qa.utilities.TestUtil.SelectDataFromExcel(TestUtil.java:44)
at com.way2automation.qa.pages.Page.RetrieveAndSendKeys(Page.java:82)
at com.way2automation.qa.pages.WebTablesPage.CaptureUserDetails(WebTablesPage.java:104)
at way2automation.CheckCustomerValueIsCaptured.CheckCustomerValueIsCaptured(CheckCustomerValueIsCaptured.java:36)
at java.base/jdk.internal.reflect.NativeMethodAccessorImpl.invoke0(Native Method)
at java.base/jdk.internal.reflect.NativeMethodAccessorImpl.invoke(NativeMethodAccessorImpl.java:77)
at java.base/jdk.internal.reflect.DelegatingMethodAccessorImpl.invoke(DelegatingMethodAccessorImpl.java:43)
at java.base/java.lang.reflect.Method.invoke(Method.java:568)
at org.testng.internal.MethodInvocationHelper.invokeMethod(MethodInvocationHelper.java:132)
at org.testng.internal.TestInvoker.invokeMethod(TestInvoker.java:599)
at org.testng.internal.TestInvoker.invokeTestMethod(TestInvoker.java:174)
at org.testng.internal.MethodRunner.runInSequence(MethodRunner.java:46)
at org.testng.internal.TestInvoker$MethodInvocationAgent.invoke(TestInvoker.java:822)
at org.testng.internal.TestInvoker.invokeTestMethods(TestInvoker.java:147)
at org.testng.internal.TestMethodWorker.invokeTestMethods(TestMethodWorker.java:146)
at org.testng.internal.TestMethodWorker.run(TestMethodWorker.java:128)
at java.base/java.util.concurrent.ThreadPoolExecutor.runWorker(ThreadPoolExecutor.java:1136)
at java.base/java.util.concurrent.ThreadPoolExecutor$Worker.run(ThreadPoolExecutor.java:635)
at java.base/java.lang.Thread.run(Thread.java:840)
]]>
            </full-stacktrace>
          </exception> <!-- org.apache.poi.EmptyFileException -->
          <reporter-output>
          </reporter-output>
        </test-method> <!-- CheckCustomerValueIsCaptured -->
        <test-method is-config="true" signature="closeDown(org.testng.ITestResult)[pri:0, instance:way2automation.CheckCustomerValueIsCaptured@7ce3cb8e]" started-at="2023-12-20T18:51:45 SAST" name="closeDown" finished-at="2023-12-20T18:51:48 SAST" duration-ms="2937" status="PASS">
          <params>
            <param index="0">
              <value>
                <![CDATA[[TestResult name=CheckCustomerValueIsCaptured status=FAILURE method=CheckCustomerValueIsCaptured.CheckCustomerValueIsCaptured()[pri:0, instance:way2automation.CheckCustomerValueIsCaptured@7ce3cb8e] output={null}]]]>
              </value>
            </param>
          </params>
          <reporter-output>
          </reporter-output>
        </test-method> <!-- closeDown -->
      </class> <!-- way2automation.CheckCustomerValueIsCaptured -->
      <class name="way2automation.AddUser">
        <test-method is-config="true" signature="setUp(java.lang.String)[pri:0, instance:way2automation.AddUser@10e92f8f]" started-at="2023-12-20T18:51:00 SAST" name="setUp" finished-at="2023-12-20T18:51:23 SAST" duration-ms="22539" status="PASS">
          <params>
            <param index="0">
              <value is-null="true"/>
            </param>
          </params>
          <reporter-output>
          </reporter-output>
        </test-method> <!-- setUp -->
        <test-method signature="AddMultipleUsers()[pri:0, instance:way2automation.AddUser@10e92f8f]" started-at="2023-12-20T18:51:23 SAST" name="AddMultipleUsers" finished-at="2023-12-20T18:51:53 SAST" duration-ms="30095" status="PASS">
          <reporter-output>
          </reporter-output>
        </test-method> <!-- AddMultipleUsers -->
        <test-method is-config="true" signature="closeDown(org.testng.ITestResult)[pri:0, instance:way2automation.AddUser@10e92f8f]" started-at="2023-12-20T18:51:53 SAST" name="closeDown" finished-at="2023-12-20T18:51:54 SAST" duration-ms="565" status="PASS">
          <params>
            <param index="0">
              <value>
                <![CDATA[[TestResult name=AddMultipleUsers status=SUCCESS method=AddUser.AddMultipleUsers()[pri:0, instance:way2automation.AddUser@10e92f8f] output={null}]]]>
              </value>
            </param>
          </params>
          <reporter-output>
          </reporter-output>
        </test-method> <!-- closeDown -->
      </class> <!-- way2automation.AddUser -->
    </test> <!-- Way2Automation Test Cases -->
  </suite> <!-- way2Automation -->
</testng-results>
