<?xml version="1.0" encoding="UTF-8"?>
<testsuite xmlns:xsi="http://www.w3.org/2001/XMLSchema-instance" xsi:noNamespaceSchemaLocation="https://maven.apache.org/surefire/maven-surefire-plugin/xsd/surefire-test-report-3.0.xsd" version="3.0" name="TestSuite" time="54.702" tests="2" errors="0" skipped="0" failures="1">
  <properties>
[...]
</properties>
  <testcase name="CheckCustomerValueIsCaptured" classname="way2automation.CheckCustomerValueIsCaptured" time="21.863">
    <failure message="The supplied file was empty (zero bytes long)" type="org.apache.poi.EmptyFileException"><![CDATA[org.apache.poi.EmptyFileException: The supplied file was empty (zero bytes long)
	at org.apache.poi.util.IOUtils.peekFirstNBytes(IOUtils.java:83)
	at org.apache.poi.util.IOUtils.peekFirst8Bytes(IOUtils.java:66)
	at org.apache.poi.poifs.filesystem.FileMagic.valueOf(FileMagic.java:171)
	at org.apache.poi.openxml4j.opc.internal.ZipHelper.verifyZipHeader(ZipHelper.java:143)
	at org.apache.poi.openxml4j.opc.internal.ZipHelper.openZipStream(ZipHelper.java:175)
	at org.apache.poi.openxml4j.opc.ZipPackage.<init>(ZipPackage.java:104)
	at org.apache.poi.openxml4j.opc.OPCPackage.open(OPCPackage.java:301)
	at org.apache.poi.ooxml.util.PackageHelper.open(PackageHelper.java:37)
	at org.apache.poi.xssf.usermodel.XSSFWorkbook.<init>(XSSFWorkbook.java:303)
	at com.way2automation.qa.utilities.TestUtil.SelectDataFromExcel(TestUtil.java:44)
	at com.way2automation.qa.pages.Page.RetrieveAndSendKeys(Page.java:82)
	at com.way2automation.qa.pages.WebTablesPage.CaptureUserDetails(WebTablesPage.java:104)
	at way2automation.CheckCustomerValueIsCaptured.CheckCustomerValueIsCaptured(CheckCustomerValueIsCaptured.java:36)
	at java.base/jdk.internal.reflect.NativeMethodAccessorImpl.invoke0(Native Method)
	at java.base/jdk.internal.reflect.NativeMethodAccessorImpl.invoke(NativeMethodAccessorImpl.java:77)
	at java.base/jdk.internal.reflect.DelegatingMethodAccessorImpl.invoke(DelegatingMethodAccessorImpl.java:43)
	at java.base/java.lang.reflect.Method.invoke(Method.java:568)
	at org.testng.internal.MethodInvocationHelper.invokeMethod(MethodInvocationHelper.java:132)
	at org.testng.internal.TestInvoker.invokeMethod(TestInvoker.java:599)
	at org.testng.internal.TestInvoker.invokeTestMethod(TestInvoker.java:174)
	at org.testng.internal.MethodRunner.runInSequence(MethodRunner.java:46)
	at org.testng.internal.TestInvoker$MethodInvocationAgent.invoke(TestInvoker.java:822)
	at org.testng.internal.TestInvoker.invokeTestMethods(TestInvoker.java:147)
	at org.testng.internal.TestMethodWorker.invokeTestMethods(TestMethodWorker.java:146)
	at org.testng.internal.TestMethodWorker.run(TestMethodWorker.java:128)
	at java.base/java.util.concurrent.ThreadPoolExecutor.runWorker(ThreadPoolExecutor.java:1136)
	at java.base/java.util.concurrent.ThreadPoolExecutor$Worker.run(ThreadPoolExecutor.java:635)
	at java.base/java.lang.Thread.run(Thread.java:840)
]]></failure>
    <system-err><![CDATA[SLF4J: Failed to load class "org.slf4j.impl.StaticLoggerBinder".
SLF4J: Defaulting to no-operation (NOP) logger implementation
SLF4J: See http://www.slf4j.org/codes.html#StaticLoggerBinder for further details.
ERROR StatusLogger Log4j2 could not find a logging implementation. Please add log4j-core to the classpath. Using SimpleLogger to log to the console...
SSttaarrttiinngg  CChhrroommeeDDrriivveerr  111199..00..6604054.515.91 (5ea9a 7(6e71a97af7a76d7d14192713f3da17b8d4fd741eb21630d3ad43140b98c94-rfe7fse/bbra6n0chd-hae4ad3s/4604095@c{9#1-3r27e}f)s /onb rpoarntc h6-00h8e2a
dOnsly/ 6l0o4ca5l@ {c#o13n2n7e}c)t ioonns  paroer atll ow59ed7.9
4Pl
eaOsne lsyee  lohcttapsl :c/o/ncnhercotmieodnrsi vaerre. cahlrloomwieudm..o
rPgl/esaesceu rsietey -hctotnpssi:/d/ecrahtrioonmse dfriovre rs.ucghgreomsituimo.nosr go/ns ecukreietpy-icnogn siCdherromaetDriiovners  sfafoer. s
uggestions on keeping ChromeDriver safe.
CChhrroommeeDDrriver iwavse rs twaasr tsetda rstuecdc essuscfcuelslsyf.u
lly.
[[1177003300991100773.38.981]9[1W]AR[NWIANGR]N:I TNhGi]s :v erTsihoin so f vCehrrosmeiDorinv ero fha s Cnhorto mbeeDerni vteers theasd  wniotth  bCeherno mtee svteerds iwoint h1 2C0h.ro
me version 120.
Dec 20, 2023 6:51:19 PM org.openqa.selenium.remote.ProtocolHandshake createSession
INFO: Detected dialect: W3C
Dec 20, 2023 6:51:19 PM org.openqa.selenium.remote.ProtocolHandshake createSession
INFO: Detected dialect: W3C
Dec 20, 2023 6:51:22 PM org.openqa.selenium.devtools.CdpVersionFinder findNearestMatch
WARNING: Unable to find an exact match for CDP version 120, so returning the closest version found: a no-op implementation
Dec 20, 2023 6:51:22 PM org.openqa.selenium.devtools.CdpVersionFinder findNearestMatch
WARNING: Unable to find an exact match for CDP version 120, so returning the closest version found: a no-op implementation
Dec 20, 2023 6:51:22 PM org.openqa.selenium.devtools.CdpVersionFinder findNearestMatch
INFO: Unable to find CDP implementation matching 120.
Dec 20, 2023 6:51:22 PM org.openqa.selenium.devtools.CdpVersionFinder findNearestMatch
INFO: Unable to find CDP implementation matching 120.
Dec 20, 2023 6:51:22 PM org.openqa.selenium.chromium.ChromiumDriver lambda$new$3
WARNING: Unable to find version of CDP to use for . You may need to include a dependency on a specific version of the CDP using something similar to `org.seleniumhq.selenium:selenium-devtools-v86:4.1.1` where the version ("v86") matches the version of the chromium-based browser you're using and the version number of the artifact is the same as Selenium's.
Dec 20, 2023 6:51:22 PM org.openqa.selenium.chromium.ChromiumDriver lambda$new$3
WARNING: Unable to find version of CDP to use for . You may need to include a dependency on a specific version of the CDP using something similar to `org.seleniumhq.selenium:selenium-devtools-v86:4.1.1` where the version ("v86") matches the version of the chromium-based browser you're using and the version number of the artifact is the same as Selenium's.
]]></system-err>
  </testcase>
  <testcase name="AddMultipleUsers" classname="way2automation.AddUser" time="30.096">
    <system-out><![CDATA[1 row(s) affected
1 row(s) affected
]]></system-out>
    <system-err><![CDATA[Dec 20, 2023 6:51:47 PM org.openqa.selenium.remote.http.WebSocket$Listener onError
WARNING: Connection reset
java.net.SocketException: Connection reset
	at java.base/sun.nio.ch.SocketChannelImpl.throwConnectionReset(SocketChannelImpl.java:394)
	at java.base/sun.nio.ch.SocketChannelImpl.read(SocketChannelImpl.java:426)
	at io.netty.buffer.PooledByteBuf.setBytes(PooledByteBuf.java:253)
	at io.netty.buffer.AbstractByteBuf.writeBytes(AbstractByteBuf.java:1132)
	at io.netty.channel.socket.nio.NioSocketChannel.doReadBytes(NioSocketChannel.java:350)
	at io.netty.channel.nio.AbstractNioByteChannel$NioByteUnsafe.read(AbstractNioByteChannel.java:151)
	at io.netty.channel.nio.NioEventLoop.processSelectedKey(NioEventLoop.java:719)
	at io.netty.channel.nio.NioEventLoop.processSelectedKeysOptimized(NioEventLoop.java:655)
	at io.netty.channel.nio.NioEventLoop.processSelectedKeys(NioEventLoop.java:581)
	at io.netty.channel.nio.NioEventLoop.run(NioEventLoop.java:493)
	at io.netty.util.concurrent.SingleThreadEventExecutor$4.run(SingleThreadEventExecutor.java:986)
	at io.netty.util.internal.ThreadExecutorMap$2.run(ThreadExecutorMap.java:74)
	at io.netty.util.concurrent.FastThreadLocalRunnable.run(FastThreadLocalRunnable.java:30)
	at java.base/java.lang.Thread.run(Thread.java:840)

]]></system-err>
  </testcase>
</testsuite>